-- Copyright (c) Microsoft Corporation.
-- Licensed under the PostgreSQL License.
-- Test: Sequential execution using ~> operator and df.seq() function
SET ROLE df_regress_user;
DROP TABLE IF EXISTS test_sequence_log;
NOTICE:  table "test_sequence_log" does not exist, skipping
CREATE TABLE test_sequence_log (id SERIAL, step INT, variant TEXT);
-- Test A: Using ~> operator
SELECT df.start(
    'INSERT INTO test_sequence_log (step, variant) VALUES (1, ''op'')'
    ~> 'INSERT INTO test_sequence_log (step, variant) VALUES (2, ''op'')'
    ~> 'INSERT INTO test_sequence_log (step, variant) VALUES (3, ''op'')',
    'test-sequence-op'
) AS instance_id \gset
SELECT df.wait_for_completion(:'instance_id') AS status;
  status   
-----------
 completed
(1 row)

-- Test B: Using df.seq() function
SELECT df.start(
    df.seq(
        df.seq(
            'INSERT INTO test_sequence_log (step, variant) VALUES (1, ''fn'')',
            'INSERT INTO test_sequence_log (step, variant) VALUES (2, ''fn'')'
        ),
        'INSERT INTO test_sequence_log (step, variant) VALUES (3, ''fn'')'
    ),
    'test-sequence-fn'
) AS instance_id \gset
SELECT df.wait_for_completion(:'instance_id') AS status;
  status   
-----------
 completed
(1 row)

-- Verify results (deterministic output, ordered by id)
SELECT step, variant FROM test_sequence_log ORDER BY id;
 step | variant 
------+---------
    1 | op
    2 | op
    3 | op
    1 | fn
    2 | fn
    3 | fn
(6 rows)

-- Cleanup
DROP TABLE test_sequence_log;
